<?xml version="1.0" encoding="UTF-8"?>
<!-- Generated by org.testng.reporters.JUnitXMLReporter -->
<testsuite ignored="0" hostname="DESKTOP-KBCQ78I" failures="1" tests="2" name="ErrorValidation" time="15.281" errors="0" timestamp="2026-06-22T19:00:13 IST">
  <testcase classname="pankajacademy.tests.ErrorValidation" name="LoginErrorValidation" time="1.712">
    <failure type="java.lang.AssertionError" message="expected [Login Successfully] but found [Incorrect email  password.]">
      <![CDATA[java.lang.AssertionError: expected [Login Successfully] but found [Incorrect email  password.]
at pankajacademy.tests.ErrorValidation.LoginErrorValidation(ErrorValidation.java:24)
at java.base/java.util.ArrayList.forEach(ArrayList.java:1596)
at java.base/java.util.concurrent.FutureTask.run(FutureTask.java:317)
at java.base/java.util.concurrent.ThreadPoolExecutor.runWorker(ThreadPoolExecutor.java:1144)
at java.base/java.util.concurrent.ThreadPoolExecutor$Worker.run(ThreadPoolExecutor.java:642)
at java.base/java.lang.Thread.run(Thread.java:1583)
... Removed 21 stack frames]]>
    </failure>
  </testcase> <!-- LoginErrorValidation -->
  <testcase classname="pankajacademy.tests.ErrorValidation" name="productErrorvalidation" time="3.151"/>
</testsuite> <!-- ErrorValidation -->
