<?xml version="1.0" encoding="UTF-8"?>
<!-- Generated by org.testng.reporters.JUnitXMLReporter -->
<testsuite ignored="0" hostname="DESKTOP-KBCQ78I" failures="0" tests="3" name="submitordertest" time="26.293" errors="0" timestamp="2026-06-22T19:00:22 IST">
  <testcase classname="pankajacademy.tests.submitordertest" name="submitorder" time="6.867"/>
  <testcase classname="pankajacademy.tests.submitordertest" name="submitorder" time="6.461"/>
  <testcase classname="pankajacademy.tests.submitordertest" name="controlorderTest" time="3.77"/>
</testsuite> <!-- submitordertest -->
