<?xml version="1.0" encoding="UTF-8"?>
<!-- Generated by org.testng.reporters.JUnitXMLReporter -->
<testsuite ignored="0" hostname="DESKTOP-KBCQ78I" failures="0" tests="3" name="submitordertest" time="57.011" errors="0" timestamp="2026-06-24T14:45:47 IST">
  <testcase classname="pankajacademy.tests.submitordertest" name="submitorder" time="5.66"/>
  <testcase classname="pankajacademy.tests.submitordertest" name="submitorder" time="4.362"/>
  <testcase classname="pankajacademy.tests.submitordertest" name="controlorderTest" time="2.287"/>
</testsuite> <!-- submitordertest -->
