<?xml version="1.0" encoding="UTF-8"?>
<!-- Generated by org.testng.reporters.JUnitReportReporter -->
<testsuite hostname="DESKTOP-KBCQ78I" failures="0" tests="3" name="pankajacademy.tests.submitordertest" time="17.028" errors="0" timestamp="2026-06-24T13:18:31 IST" skipped="0">
  <testcase classname="pankajacademy.tests.submitordertest" name="submitorder" time="8.858"/>
  <testcase classname="pankajacademy.tests.submitordertest" name="controlorderTest" time="2.882"/>
  <testcase classname="pankajacademy.tests.submitordertest" name="submitorder" time="5.288"/>
</testsuite> <!-- pankajacademy.tests.submitordertest -->
