<?xml version="1.0" encoding="UTF-8"?>
<!-- Generated by org.testng.reporters.JUnitReportReporter -->
<testsuite hostname="DESKTOP-KBCQ78I" failures="0" tests="3" name="pankajacademy.tests.submitordertest" time="56.605" errors="0" timestamp="2026-06-24T14:45:47 IST" skipped="0">
  <testcase classname="pankajacademy.tests.submitordertest" name="controlorderTest" time="10.001"/>
  <testcase classname="pankajacademy.tests.submitordertest" name="submitorder" time="12.546"/>
  <testcase classname="pankajacademy.tests.submitordertest" name="submitorder" time="34.058"/>
</testsuite> <!-- pankajacademy.tests.submitordertest -->
